<html>
<head>
<title>TestNG:  Surefire test</title>
<link href="../testng.css" rel="stylesheet" type="text/css" />
<link href="../my-testng.css" rel="stylesheet" type="text/css" />

<style type="text/css">
.log { display: none;} 
.stack-trace { display: none;} 
</style>
<script type="text/javascript">
<!--
function flip(e) {
  current = e.style.display;
  if (current == 'block') {
    e.style.display = 'none';
    return 0;
  }
  else {
    e.style.display = 'block';
    return 1;
  }
}

function toggleBox(szDivId, elem, msg1, msg2)
{
  var res = -1;  if (document.getElementById) {
    res = flip(document.getElementById(szDivId));
  }
  else if (document.all) {
    // this is the way old msie versions work
    res = flip(document.all[szDivId]);
  }
  if(elem) {
    if(res == 0) elem.innerHTML = msg1; else elem.innerHTML = msg2;
  }

}

function toggleAllBoxes() {
  if (document.getElementsByTagName) {
    d = document.getElementsByTagName('div');
    for (i = 0; i < d.length; i++) {
      if (d[i].className == 'log') {
        flip(d[i]);
      }
    }
  }
}

// -->
</script>

</head>
<body>
<h2 align='center'>Surefire test</h2><table border='1' align="center">
<tr>
<td>Tests passed/Failed/Skipped:</td><td>12/4/0</td>
</tr><tr>
<td>Started on:</td><td>Wed Jun 15 19:43:30 EET 2022</td>
</tr>
<tr><td>Total time:</td><td>226 seconds (226958 ms)</td>
</tr><tr>
<td>Included groups:</td><td></td>
</tr><tr>
<td>Excluded groups:</td><td></td>
</tr>
</table><p/>
<small><i>(Hover the method name to see the test class name)</i></small><p/>
<table width='100%' border='1' class='invocation-failed'>
<tr><td colspan='4' align='center'><b>FAILED TESTS</b></td></tr>
<tr><td><b>Test method</b></td>
<td width="30%"><b>Exception</b></td>
<td width="10%"><b>Time (seconds)</b></td>
<td><b>Instance</b></td>
</tr>
<tr>
<td title='org.example.runners.TestRunner.runScenario()'><b>runScenario</b><br>Test class: org.example.runners.TestRunner<br>Test method: Runs Cucumber Scenarios<br>Parameters: "user could open rss", "Follow us links open the corresponding URLs"</td>
<td><div><pre>java.lang.AssertionError: The following asserts failed:
	expected [https://demo.nopcommerce.com/new-online-store-is-open] but found [https://demo.nopcommerce.com/news/rss/1]
	at org.example.stepDefinitions.D07_followUsStepDef.rss_Open(D07_followUsStepDef.java:75)
	at ?.User could open rss page(file:///C:/Users/3bdulla/Desktop/E-commerce-App-Automation-Testing-Final/src/main/resources/features/F07_followUs.feature:17)
... Removed 2 stack frames</pre></div><a href='#' onClick='toggleBox("stack-trace438270414", this, "Click to show all stack frames", "Click to hide stack frames")'>Click to show all stack frames</a>
<div class='stack-trace' id='stack-trace438270414'><pre>java.lang.AssertionError: The following asserts failed:
	expected [https://demo.nopcommerce.com/new-online-store-is-open] but found [https://demo.nopcommerce.com/news/rss/1]
	at org.testng.asserts.SoftAssert.assertAll(SoftAssert.java:46)
	at org.testng.asserts.SoftAssert.assertAll(SoftAssert.java:30)
	at org.example.stepDefinitions.D07_followUsStepDef.rss_Open(D07_followUsStepDef.java:75)
	at ?.User could open rss page(file:///C:/Users/3bdulla/Desktop/E-commerce-App-Automation-Testing-Final/src/main/resources/features/F07_followUs.feature:17)
</pre></div></td>
<td>14</td>
<td>org.example.runners.TestRunner@12cdcf4</td></tr>
<tr>
<td title='org.example.runners.TestRunner.runScenario()'><b>runScenario</b><br>Test class: org.example.runners.TestRunner<br>Test method: Runs Cucumber Scenarios<br>Parameters: "Click on Nokia banner on responsive slider wrapper", "User could click on slider wrapper"</td>
<td><div><pre>java.lang.AssertionError: The following asserts failed:
	expected [https://demo.nopcommerce.com/nokia-lumia-1020] but found [http://demo.nopcommerce.com/]
	at org.example.stepDefinitions.D06_homeSlidersStepDef.slider_Nokia(D06_homeSlidersStepDef.java:32)
	at ?.User could click on the banner and redirect to the Nokia link(file:///C:/Users/3bdulla/Desktop/E-commerce-App-Automation-Testing-Final/src/main/resources/features/F06_homeSliders.feature:11)
... Removed 2 stack frames</pre></div><a href='#' onClick='toggleBox("stack-trace1901752553", this, "Click to show all stack frames", "Click to hide stack frames")'>Click to show all stack frames</a>
<div class='stack-trace' id='stack-trace1901752553'><pre>java.lang.AssertionError: The following asserts failed:
	expected [https://demo.nopcommerce.com/nokia-lumia-1020] but found [http://demo.nopcommerce.com/]
	at org.testng.asserts.SoftAssert.assertAll(SoftAssert.java:46)
	at org.testng.asserts.SoftAssert.assertAll(SoftAssert.java:30)
	at org.example.stepDefinitions.D06_homeSlidersStepDef.slider_Nokia(D06_homeSlidersStepDef.java:32)
	at ?.User could click on the banner and redirect to the Nokia link(file:///C:/Users/3bdulla/Desktop/E-commerce-App-Automation-Testing-Final/src/main/resources/features/F06_homeSliders.feature:11)
</pre></div></td>
<td>10</td>
<td>org.example.runners.TestRunner@12cdcf4</td></tr>
<tr>
<td title='org.example.runners.TestRunner.runScenario()'><b>runScenario</b><br>Test class: org.example.runners.TestRunner<br>Test method: Runs Cucumber Scenarios<br>Parameters: "Click on Nokia banner on responsive slider wrapper", "User could click on slider wrapper"</td>
<td><div><pre>java.lang.AssertionError: The following asserts failed:
	expected [https://demo.nopcommerce.com/iphone-6] but found [http://demo.nopcommerce.com/]
	at org.example.stepDefinitions.D06_homeSlidersStepDef.slider_IPhone(D06_homeSlidersStepDef.java:54)
	at ?.User could click on the banner and redirect to the IPhone link(file:///C:/Users/3bdulla/Desktop/E-commerce-App-Automation-Testing-Final/src/main/resources/features/F06_homeSliders.feature:18)
... Removed 2 stack frames</pre></div><a href='#' onClick='toggleBox("stack-trace1600206621", this, "Click to show all stack frames", "Click to hide stack frames")'>Click to show all stack frames</a>
<div class='stack-trace' id='stack-trace1600206621'><pre>java.lang.AssertionError: The following asserts failed:
	expected [https://demo.nopcommerce.com/iphone-6] but found [http://demo.nopcommerce.com/]
	at org.testng.asserts.SoftAssert.assertAll(SoftAssert.java:46)
	at org.testng.asserts.SoftAssert.assertAll(SoftAssert.java:30)
	at org.example.stepDefinitions.D06_homeSlidersStepDef.slider_IPhone(D06_homeSlidersStepDef.java:54)
	at ?.User could click on the banner and redirect to the IPhone link(file:///C:/Users/3bdulla/Desktop/E-commerce-App-Automation-Testing-Final/src/main/resources/features/F06_homeSliders.feature:18)
</pre></div></td>
<td>11</td>
<td>org.example.runners.TestRunner@12cdcf4</td></tr>
<tr>
<td title='org.example.runners.TestRunner.runScenario()'><b>runScenario</b><br>Test class: org.example.runners.TestRunner<br>Test method: Runs Cucumber Scenarios<br>Parameters: "User choose a product and click on Add to wishlist icon", "User could add products to wishlist"</td>
<td><div><pre>org.openqa.selenium.NoSuchElementException: no such element: Unable to locate element: {&quot;method&quot;:&quot;css selector&quot;,&quot;selector&quot;:&quot;div[class=&quot;bar-notification success&quot;]&quot;}
  (Session info: chrome=102.0.5005.115)
For documentation on this error, please visit: https://selenium.dev/exceptions/#no_such_element
Build info: version: &apos;4.2.1&apos;, revision: &apos;ac4d0fdd4a&apos;
System info: host: &apos;3BDULLA-PC&apos;, ip: &apos;192.168.1.10&apos;, os.name: &apos;Windows 10&apos;, os.arch: &apos;amd64&apos;, os.version: &apos;10.0&apos;, java.version: &apos;1.8.0_331&apos;
Driver info: org.openqa.selenium.chrome.ChromeDriver
Command: [1560553b34bcfd7f670f6e64afae2f9d, findElement {using=css selector, value=div[class=&quot;bar-notification success&quot;]}]
Capabilities {acceptInsecureCerts: false, browserName: chrome, browserVersion: 102.0.5005.115, chrome: {chromedriverVersion: 102.0.5005.61 (0e59bcc00cc4..., userDataDir: C:\Users\3bdulla\AppData\Lo...}, goog:chromeOptions: {debuggerAddress: localhost:61428}, networkConnectionEnabled: false, pageLoadStrategy: normal, platformName: WINDOWS, proxy: Proxy(), se:cdp: ws://localhost:61428/devtoo..., se:cdpVersion: 102.0.5005.115, setWindowRect: true, strictFileInteractability: false, timeouts: {implicit: 0, pageLoad: 300000, script: 30000}, unhandledPromptBehavior: dismiss and notify, webauthn:extension:credBlob: true, webauthn:extension:largeBlob: true, webauthn:virtualAuthenticators: true}
Session ID: 1560553b34bcfd7f670f6e64afae2f9d
	at org.openqa.selenium.remote.codec.w3c.W3CHttpResponseCodec.createException(W3CHttpResponseCodec.java:200)
	at org.openqa.selenium.remote.codec.w3c.W3CHttpResponseCodec.decode(W3CHttpResponseCodec.java:133)
	at org.openqa.selenium.remote.codec.w3c.W3CHttpResponseCodec.decode(W3CHttpResponseCodec.java:53)
	at org.openqa.selenium.remote.HttpCommandExecutor.execute(HttpCommandExecutor.java:184)
	at org.openqa.selenium.remote.service.DriverCommandExecutor.invokeExecute(DriverCommandExecutor.java:167)
	at org.openqa.selenium.remote.service.DriverCommandExecutor.execute(DriverCommandExecutor.java:142)
	at org.openqa.selenium.remote.RemoteWebDriver.execute(RemoteWebDriver.java:551)
	at org.openqa.selenium.remote.ElementLocation$ElementFinder$2.findElement(ElementLocation.java:162)
	at org.openqa.selenium.remote.ElementLocation.findElement(ElementLocation.java:60)
	at org.openqa.selenium.remote.RemoteWebDriver.findElement(RemoteWebDriver.java:369)
	at org.openqa.selenium.remote.RemoteWebDriver.findElement(RemoteWebDriver.java:361)
	at org.example.stepDefinitions.D08_WishlistStepDef.success_Message(D08_WishlistStepDef.java:23)
	at ?.after adding the product to wishlist  success message appeared(file:///C:/Users/3bdulla/Desktop/E-commerce-App-Automation-Testing-Final/src/main/resources/features/F08_Wishlist.feature:9)
... Removed 4 stack frames</pre></div><a href='#' onClick='toggleBox("stack-trace639022616", this, "Click to show all stack frames", "Click to hide stack frames")'>Click to show all stack frames</a>
<div class='stack-trace' id='stack-trace639022616'><pre>org.openqa.selenium.NoSuchElementException: no such element: Unable to locate element: {&quot;method&quot;:&quot;css selector&quot;,&quot;selector&quot;:&quot;div[class=&quot;bar-notification success&quot;]&quot;}
  (Session info: chrome=102.0.5005.115)
For documentation on this error, please visit: https://selenium.dev/exceptions/#no_such_element
Build info: version: &apos;4.2.1&apos;, revision: &apos;ac4d0fdd4a&apos;
System info: host: &apos;3BDULLA-PC&apos;, ip: &apos;192.168.1.10&apos;, os.name: &apos;Windows 10&apos;, os.arch: &apos;amd64&apos;, os.version: &apos;10.0&apos;, java.version: &apos;1.8.0_331&apos;
Driver info: org.openqa.selenium.chrome.ChromeDriver
Command: [1560553b34bcfd7f670f6e64afae2f9d, findElement {using=css selector, value=div[class=&quot;bar-notification success&quot;]}]
Capabilities {acceptInsecureCerts: false, browserName: chrome, browserVersion: 102.0.5005.115, chrome: {chromedriverVersion: 102.0.5005.61 (0e59bcc00cc4..., userDataDir: C:\Users\3bdulla\AppData\Lo...}, goog:chromeOptions: {debuggerAddress: localhost:61428}, networkConnectionEnabled: false, pageLoadStrategy: normal, platformName: WINDOWS, proxy: Proxy(), se:cdp: ws://localhost:61428/devtoo..., se:cdpVersion: 102.0.5005.115, setWindowRect: true, strictFileInteractability: false, timeouts: {implicit: 0, pageLoad: 300000, script: 30000}, unhandledPromptBehavior: dismiss and notify, webauthn:extension:credBlob: true, webauthn:extension:largeBlob: true, webauthn:virtualAuthenticators: true}
Session ID: 1560553b34bcfd7f670f6e64afae2f9d
	at sun.reflect.NativeConstructorAccessorImpl.newInstance0(Native Method)
	at sun.reflect.NativeConstructorAccessorImpl.newInstance(NativeConstructorAccessorImpl.java:62)
	at sun.reflect.DelegatingConstructorAccessorImpl.newInstance(DelegatingConstructorAccessorImpl.java:45)
	at java.lang.reflect.Constructor.newInstance(Constructor.java:423)
	at org.openqa.selenium.remote.codec.w3c.W3CHttpResponseCodec.createException(W3CHttpResponseCodec.java:200)
	at org.openqa.selenium.remote.codec.w3c.W3CHttpResponseCodec.decode(W3CHttpResponseCodec.java:133)
	at org.openqa.selenium.remote.codec.w3c.W3CHttpResponseCodec.decode(W3CHttpResponseCodec.java:53)
	at org.openqa.selenium.remote.HttpCommandExecutor.execute(HttpCommandExecutor.java:184)
	at org.openqa.selenium.remote.service.DriverCommandExecutor.invokeExecute(DriverCommandExecutor.java:167)
	at org.openqa.selenium.remote.service.DriverCommandExecutor.execute(DriverCommandExecutor.java:142)
	at org.openqa.selenium.remote.RemoteWebDriver.execute(RemoteWebDriver.java:551)
	at org.openqa.selenium.remote.ElementLocation$ElementFinder$2.findElement(ElementLocation.java:162)
	at org.openqa.selenium.remote.ElementLocation.findElement(ElementLocation.java:60)
	at org.openqa.selenium.remote.RemoteWebDriver.findElement(RemoteWebDriver.java:369)
	at org.openqa.selenium.remote.RemoteWebDriver.findElement(RemoteWebDriver.java:361)
	at org.example.stepDefinitions.D08_WishlistStepDef.success_Message(D08_WishlistStepDef.java:23)
	at ?.after adding the product to wishlist  success message appeared(file:///C:/Users/3bdulla/Desktop/E-commerce-App-Automation-Testing-Final/src/main/resources/features/F08_Wishlist.feature:9)
</pre></div></td>
<td>10</td>
<td>org.example.runners.TestRunner@12cdcf4</td></tr>
</table><p>
<table width='100%' border='1' class='invocation-passed'>
<tr><td colspan='4' align='center'><b>PASSED TESTS</b></td></tr>
<tr><td><b>Test method</b></td>
<td width="30%"><b>Exception</b></td>
<td width="10%"><b>Time (seconds)</b></td>
<td><b>Instance</b></td>
</tr>
<tr>
<td title='org.example.runners.TestRunner.runScenario()'><b>runScenario</b><br>Test class: org.example.runners.TestRunner<br>Test method: Runs Cucumber Scenarios<br>Parameters: "User register with valid data", "User could register with valid data"</td>
<td></td>
<td>24</td>
<td>org.example.runners.TestRunner@12cdcf4</td></tr>
<tr>
<td title='org.example.runners.TestRunner.runScenario()'><b>runScenario</b><br>Test class: org.example.runners.TestRunner<br>Test method: Runs Cucumber Scenarios<br>Parameters: "number of wishlist items in home page is increased", "User could add products to wishlist"</td>
<td></td>
<td>11</td>
<td>org.example.runners.TestRunner@12cdcf4</td></tr>
<tr>
<td title='org.example.runners.TestRunner.runScenario()'><b>runScenario</b><br>Test class: org.example.runners.TestRunner<br>Test method: Runs Cucumber Scenarios<br>Parameters: "Select random category then hover and open sub-Category", "User could select different categories and sub-category"</td>
<td></td>
<td>12</td>
<td>org.example.runners.TestRunner@12cdcf4</td></tr>
<tr>
<td title='org.example.runners.TestRunner.runScenario()'><b>runScenario</b><br>Test class: org.example.runners.TestRunner<br>Test method: Runs Cucumber Scenarios<br>Parameters: "user could open youtube", "Follow us links open the corresponding URLs"</td>
<td></td>
<td>17</td>
<td>org.example.runners.TestRunner@12cdcf4</td></tr>
<tr>
<td title='org.example.runners.TestRunner.runScenario()'><b>runScenario</b><br>Test class: org.example.runners.TestRunner<br>Test method: Runs Cucumber Scenarios<br>Parameters: "User search for desired products with product name", "User could search for any product"</td>
<td></td>
<td>14</td>
<td>org.example.runners.TestRunner@12cdcf4</td></tr>
<tr>
<td title='org.example.runners.TestRunner.runScenario()'><b>runScenario</b><br>Test class: org.example.runners.TestRunner<br>Test method: Runs Cucumber Scenarios<br>Parameters: "user could open facebook", "Follow us links open the corresponding URLs"</td>
<td></td>
<td>13</td>
<td>org.example.runners.TestRunner@12cdcf4</td></tr>
<tr>
<td title='org.example.runners.TestRunner.runScenario()'><b>runScenario</b><br>Test class: org.example.runners.TestRunner<br>Test method: Runs Cucumber Scenarios<br>Parameters: "User login with invalid credentials", "User could login with credentials"</td>
<td></td>
<td>12</td>
<td>org.example.runners.TestRunner@12cdcf4</td></tr>
<tr>
<td title='org.example.runners.TestRunner.runScenario()'><b>runScenario</b><br>Test class: org.example.runners.TestRunner<br>Test method: Runs Cucumber Scenarios<br>Parameters: "User login with valid credentials", "User could login with credentials"</td>
<td></td>
<td>14</td>
<td>org.example.runners.TestRunner@12cdcf4</td></tr>
<tr>
<td title='org.example.runners.TestRunner.runScenario()'><b>runScenario</b><br>Test class: org.example.runners.TestRunner<br>Test method: Runs Cucumber Scenarios<br>Parameters: "user could open twitter", "Follow us links open the corresponding URLs"</td>
<td></td>
<td>14</td>
<td>org.example.runners.TestRunner@12cdcf4</td></tr>
<tr>
<td title='org.example.runners.TestRunner.runScenario()'><b>runScenario</b><br>Test class: org.example.runners.TestRunner<br>Test method: Runs Cucumber Scenarios<br>Parameters: "User search for desired products with SKU", "User could search for any product"</td>
<td></td>
<td>12</td>
<td>org.example.runners.TestRunner@12cdcf4</td></tr>
<tr>
<td title='org.example.runners.TestRunner.runScenario()'><b>runScenario</b><br>Test class: org.example.runners.TestRunner<br>Test method: Runs Cucumber Scenarios<br>Parameters: "User switch between US and Euro", "User could switch between currencies [US-Euro]"</td>
<td></td>
<td>16</td>
<td>org.example.runners.TestRunner@12cdcf4</td></tr>
<tr>
<td title='org.example.runners.TestRunner.runScenario()'><b>runScenario</b><br>Test class: org.example.runners.TestRunner<br>Test method: Runs Cucumber Scenarios<br>Parameters: "User choose a product and click on ADD TO CART button", "User could add products to cart"</td>
<td></td>
<td>14</td>
<td>org.example.runners.TestRunner@12cdcf4</td></tr>
</table><p>
</body>
</html>